<?xml version="1.0" encoding="UTF-8"?>
<!-- Generated by org.testng.reporters.JUnitReportReporter -->
<testsuite hostname="DESKTOP-7INTED2" failures="0" tests="5" name="Tests.ApiTests" time="5.962" errors="0" timestamp="2024-10-07T10:15:59 IST" skipped="0">
  <testcase classname="Tests.ApiTests" name="GetHooks" time="0.848"/>
  <system-out/>
  <testcase classname="Tests.ApiTests" name="ScheduleHook" time="0.854"/>
  <system-out/>
  <testcase classname="Tests.ApiTests" name="DeleteHook" time="2.539"/>
  <system-out/>
  <testcase classname="Tests.ApiTests" name="PUTHookID" time="0.864"/>
  <system-out/>
  <testcase classname="Tests.ApiTests" name="GetHookID" time="0.857"/>
  <system-out/>
</testsuite> <!-- Tests.ApiTests -->
