<?xml version="1.0" encoding="UTF-8"?>
<!-- Generated by org.testng.reporters.JUnitReportReporter -->
<testsuite hostname="DESKTOP-7INTED2" failures="0" tests="1" name="MxPlayer.Tests" time="212.156" errors="0" timestamp="2024-10-07T10:26:29 IST" skipped="0">
  <testcase classname="MxPlayer.Tests" name="searchTest" time="212.156"/>
</testsuite> <!-- MxPlayer.Tests -->
